{
  "RSpec": {
    "coverage": {
      "/home/codio/workspace/sweng-project-RyanCurley01/app/models/music.rb": {
        "lines": [
          1,
          1,
          null,
          1,
          7,
          null,
          null,
          1,
          5,
          null,
          null,
          1,
          5,
          null,
          null
        ]
      },
      "/home/codio/workspace/sweng-project-RyanCurley01/app/models/application_record.rb": {
        "lines": [
          1,
          1,
          null
        ]
      },
      "/home/codio/workspace/sweng-project-RyanCurley01/app/controllers/music_controller.rb": {
        "lines": [
          1,
          1,
          8,
          8,
          1,
          null,
          null,
          8,
          6,
          null,
          1,
          null,
          null,
          1,
          null,
          null,
          1,
          null,
          null,
          1,
          null,
          null,
          1,
          null,
          null,
          1,
          null,
          null,
          null,
          null,
          null,
          1,
          2,
          null,
          null,
          null,
          1,
          3,
          3,
          3,
          null,
          null,
          null,
          1,
          2,
          null,
          null,
          null,
          1,
          3,
          3,
          3,
          3,
          null,
          3,
          3,
          3,
          null,
          null,
          null,
          1,
          3,
          3,
          3,
          3,
          null,
          null,
          null,
          1,
          3,
          3,
          1,
          1,
          null,
          2,
          null,
          null,
          null,
          null,
          1,
          3,
          3,
          1,
          1,
          null,
          2,
          null,
          null,
          null,
          1,
          null,
          1,
          6,
          null,
          null
        ]
      },
      "/home/codio/workspace/sweng-project-RyanCurley01/app/controllers/application_controller.rb": {
        "lines": [
          1,
          null,
          null,
          1,
          null
        ]
      }
    },
    "timestamp": 1777646713
  }
}
